\BOOKMARK [1][-]{section*.1}{\376\377\000L\000i\000s\000t\000a\000\040\000d\000e\000\040\000a\000b\000r\000e\000v\000i\000a\000t\000u\000r\000a\000s}{}% 1
\BOOKMARK [1][-]{section*.2}{\376\377\000I\000n\000t\000r\000o\000d\000u\000c\000c\000i\000\363\000n}{}% 2
\BOOKMARK [2][-]{section*.3}{\376\377\000S\000o\000b\000r\000e\000\040\000l\000a\000\040\000d\000e\000f\000i\000n\000i\000c\000i\000\363\000n\000\040\000d\000e\000\040\000n\000e\000g\000a\000c\000i\000\363\000n}{section*.2}% 3
\BOOKMARK [-1][-]{part.1}{\376\377\000I\000\040\000E\000j\000e\000m\000p\000l\000o\000s\000\040\000s\000o\000b\000r\000e\000\040\000e\000l\000\040\000f\000e\000n\000\363\000m\000e\000n\000o\000\040\000d\000e\000\040\000l\000a\000\040\000n\000e\000g\000a\000c\000i\000\363\000n}{}% 4
\BOOKMARK [0][-]{chapter.1}{\376\377\000L\000e\000n\000g\000u\000a\000s\000\040\000d\000e\000\040\000M\000\351\000x\000i\000c\000o}{part.1}% 5
\BOOKMARK [1][-]{section*.4}{\376\377\000A\000c\000a\000t\000e\000c\000o\000\040\000d\000e\000\040\000l\000a\000\040\000f\000r\000o\000n\000t\000e\000r\000a\000\040\000s\000u\000r}{chapter.1}% 6
\BOOKMARK [1][-]{section*.5}{\376\377\000C\000h\000a\000t\000i\000n\000o\000\040\000d\000e\000\040\000Z\000a\000c\000a\000t\000e\000p\000e\000c}{chapter.1}% 7
\BOOKMARK [1][-]{section*.6}{\376\377\000C\000h\000i\000c\000h\000i\000m\000e\000c\000o\000\040\000J\000o\000n\000a\000z}{chapter.1}% 8
\BOOKMARK [1][-]{section*.7}{\376\377\000C\000h\000i\000n\000a\000n\000t\000e\000c\000o\000\040\000d\000e\000\040\000L\000e\000a\000l\000a\000o}{chapter.1}% 9
\BOOKMARK [1][-]{section*.8}{\376\377\000C\000h\000o\000n\000t\000a\000l\000\040\000d\000e\000\040\000s\000a\000n\000\040\000P\000e\000d\000r\000o\000\040\000H\000u\000a\000m\000e\000l\000u\000l\000a}{chapter.1}% 10
\BOOKMARK [1][-]{section*.9}{\376\377\000C\000h\000o\000n\000t\000a\000l\000\040\000d\000e\000\040\000T\000a\000b\000a\000s\000c\000o}{chapter.1}% 11
\BOOKMARK [1][-]{section*.10}{\376\377\000H\000u\000a\000v\000e\000\040\000d\000e\000\040\000S\000a\000n\000\040\000M\000a\000t\000e\000o\000\040\000d\000e\000l\000\040\000M\000a\000r}{chapter.1}% 12
\BOOKMARK [1][-]{section*.11}{\376\377\000H\000u\000i\000c\000h\000o\000l}{chapter.1}% 13
\BOOKMARK [1][-]{section*.12}{\376\377\000L\000a\000c\000a\000n\000d\000o\000n}{chapter.1}% 14
\BOOKMARK [1][-]{section*.13}{\376\377\000M\000i\000x\000e\000\040\000d\000e\000\040\000A\000y\000u\000t\000l\000a}{chapter.1}% 15
\BOOKMARK [1][-]{section*.14}{\376\377\000M\000i\000x\000t\000e\000c\000o\000\040\000d\000e\000\040\000S\000a\000n\000\040\000A\000n\000d\000r\000\351\000s\000\040\000Y\000u\000t\000a\000t\000\355\000o}{chapter.1}% 16
\BOOKMARK [1][-]{section*.15}{\376\377\000O\000l\000u\000t\000e\000c\000o}{chapter.1}% 17
\BOOKMARK [1][-]{section*.16}{\376\377\000O\000t\000o\000m\000\355\000\040\000d\000e\000\040\000S\000a\000n\000\040\000I\000l\000d\000e\000f\000o\000n\000s\000o}{chapter.1}% 18
\BOOKMARK [1][-]{section*.17}{\376\377\000S\000i\000e\000r\000r\000a\000\040\000P\000o\000p\000o\000l\000u\000c\000a}{chapter.1}% 19
\BOOKMARK [1][-]{section*.18}{\376\377\000S\000e\000r\000i}{chapter.1}% 20
\BOOKMARK [1][-]{section*.19}{\376\377\000T\000a\000r\000a\000h\000u\000m\000a\000r\000a}{chapter.1}% 21
\BOOKMARK [1][-]{section*.20}{\376\377\000T\000e\000p\000e\000h\000u\000a\000\040\000d\000e\000\040\000H\000u\000e\000h\000u\000e\000t\000l\000a}{chapter.1}% 22
\BOOKMARK [1][-]{section*.21}{\376\377\000T\000e\000p\000e\000h\000u\000a\000n\000o\000\040\000d\000e\000l\000\040\000s\000u\000r}{chapter.1}% 23
\BOOKMARK [1][-]{section*.22}{\376\377\000T\000l\000a\000h\000u\000i\000c\000a\000\040\000d\000e\000\040\000S\000a\000n\000\040\000J\000u\000a\000n\000\040\000A\000t\000z\000i\000n\000g\000o}{chapter.1}% 24
\BOOKMARK [1][-]{section*.23}{\376\377\000T\000l\000a\000p\000a\000n\000e\000c\000o}{chapter.1}% 25
\BOOKMARK [1][-]{section*.24}{\376\377\000T\000o\000t\000o\000n\000a\000c\000o\000\040\000d\000e\000\040\000T\000u\000x\000t\000l\000a}{chapter.1}% 26
\BOOKMARK [1][-]{section*.25}{\376\377\000T\000r\000i\000q\000u\000i\000\040\000d\000e\000\040\000C\000o\000p\000a\000l\000a}{chapter.1}% 27
\BOOKMARK [1][-]{section*.26}{\376\377\000T\000s\000o\000t\000s\000i\000l}{chapter.1}% 28
\BOOKMARK [1][-]{section*.27}{\376\377\000Z\000a\000p\000o\000t\000e\000c\000o\000\040\000d\000e\000\040\000Z\000o\000o\000c\000h\000i\000n\000a}{chapter.1}% 29
\BOOKMARK [1][-]{section*.28}{\376\377\000Z\000o\000q\000u\000e\000\040\000d\000e\000\040\000S\000a\000n\000\040\000M\000i\000g\000u\000e\000l\000\040\000C\000h\000i\000m\000a\000l\000a\000p\000a}{chapter.1}% 30
\BOOKMARK [0][-]{chapter.2}{\376\377\000L\000e\000n\000g\000u\000a\000s\000\040\000d\000e\000l\000\040\000r\000e\000s\000t\000o\000\040\000d\000e\000l\000\040\000c\000o\000n\000t\000i\000n\000e\000n\000t\000e\000\040\000a\000m\000e\000r\000i\000c\000a\000n\000o}{part.1}% 31
\BOOKMARK [1][-]{section*.29}{\376\377\000A\000g\000u\000a\000r\000u\000n\000a}{chapter.2}% 32
\BOOKMARK [1][-]{section*.30}{\376\377\000A\000w\000a\000\040\000P\000i\000t}{chapter.2}% 33
\BOOKMARK [1][-]{section*.31}{\376\377\000C\000a\000v\000i\000n\000e\000\361\000a}{chapter.2}% 34
\BOOKMARK [1][-]{section*.32}{\376\377\000C\000h\000i\000m\000a\000r\000i\000k\000o}{chapter.2}% 35
\BOOKMARK [1][-]{section*.33}{\376\377\000C\000h\000o\000c\000t\000a\000w}{chapter.2}% 36
\BOOKMARK [1][-]{section*.34}{\376\377\000G\000a\000r\000\355\000f\000u\000n\000a}{chapter.2}% 37
\BOOKMARK [1][-]{section*.35}{\376\377\000H\000u\000p}{chapter.2}% 38
\BOOKMARK [1][-]{section*.36}{\376\377\000K\000a\000k\000a\000t\000a\000i\000b\000o}{chapter.2}% 39
\BOOKMARK [1][-]{section*.37}{\376\377\000K\000a\000m\000s\000\341}{chapter.2}% 40
\BOOKMARK [1][-]{section*.38}{\376\377\000M\000a\000p\000u\000c\000h\000e}{chapter.2}% 41
\BOOKMARK [1][-]{section*.39}{\376\377\000M\000a\000r\000i\000c\000o\000p\000a}{chapter.2}% 42
\BOOKMARK [1][-]{section*.40}{\376\377\000N\000a\000m\000t\000r\000i\000k\000\040\000d\000e\000\040\000T\000o\000t\000o\000r\000\363}{chapter.2}% 43
\BOOKMARK [1][-]{section*.41}{\376\377\000N\000g\000\344\000b\000\351\000r\000e}{chapter.2}% 44
\BOOKMARK [1][-]{section*.42}{\376\377\000P\000i\000m\000a\000\040\000b\000a\000j\000o}{chapter.2}% 45
\BOOKMARK [1][-]{section*.43}{\376\377\000S\000a\000b\000a\000n\000e\003\002}{chapter.2}% 46
\BOOKMARK [1][-]{section*.44}{\376\377\000W\000a\000m\000p\000i\000s}{chapter.2}% 47
\BOOKMARK [1][-]{section*.45}{\376\377\000W\000a\000p\000p\000o}{chapter.2}% 48
\BOOKMARK [1][-]{section*.46}{\376\377\000W\000a\000r\000i\000'}{chapter.2}% 49
\BOOKMARK [1][-]{section*.47}{\376\377\000Y\000a\000u\000y\000o\000s\000\040\000Q\000u\000e\000c\000h\000u\000a}{chapter.2}% 50
\BOOKMARK [0][-]{chapter.3}{\376\377\000L\000e\000n\000g\000u\000a\000s\000\040\000d\000e\000l\000\040\000r\000e\000s\000t\000o\000\040\000d\000e\000l\000\040\000m\000u\000n\000d\000o}{part.1}% 51
\BOOKMARK [1][-]{section*.48}{\376\377\000F\000w\000e}{chapter.3}% 52
\BOOKMARK [1][-]{section*.49}{\376\377\000G\000y\000e\000l\000i}{chapter.3}% 53
\BOOKMARK [1][-]{section*.50}{\376\377\000J\000a\000m\000s\000a\000y}{chapter.3}% 54
\BOOKMARK [1][-]{section*.51}{\376\377\000J\000a\000p\000h\000u\000g}{chapter.3}% 55
\BOOKMARK [1][-]{section*.52}{\376\377\000K\000a\000l\000a\000m\000a\000n\000g}{chapter.3}% 56
\BOOKMARK [1][-]{section*.53}{\376\377\000K\000o\000m\000n\000z\000o}{chapter.3}% 57
\BOOKMARK [1][-]{section*.54}{\376\377\000M\000a\000d\000u\000r\000e\000s\000e}{chapter.3}% 58
\BOOKMARK [1][-]{section*.55}{\376\377\000M\000a\000u\000w\000a\000k\000e}{chapter.3}% 59
\BOOKMARK [1][-]{section*.56}{\376\377\000M\000o\000l\000o\000k\000o}{chapter.3}% 60
\BOOKMARK [1][-]{section*.57}{\376\377\000M\000o\000n\000g\000s\000e\000n}{chapter.3}% 61
\BOOKMARK [1][-]{section*.58}{\376\377\000P\000a\000l\000u\000l\000a}{chapter.3}% 62
\BOOKMARK [1][-]{section*.59}{\376\377\000P\000a\000p\000u\000a\000n\000\040\000M\000a\000l\000a\000y}{chapter.3}% 63
\BOOKMARK [1][-]{section*.60}{\376\377\000P\000i\000c\000h\000i}{chapter.3}% 64
\BOOKMARK [1][-]{section*.61}{\376\377\000T\000o\000q\000a\000b\000a\000q\000i\000t\000a}{chapter.3}% 65
\BOOKMARK [-1][-]{part.2}{\376\377\000I\000I\000\040\000S\000\355\000n\000t\000e\000s\000i\000s\000\040\000d\000e\000\040\000l\000a\000s\000\040\000e\000s\000t\000r\000a\000t\000e\000g\000i\000a\000s}{}% 66
\BOOKMARK [0][-]{section*.62}{\376\377\000L\000e\000n\000g\000u\000a\000s\000\040\000d\000e\000\040\000M\000\351\000x\000i\000c\000o\000\040\000-\000\040\000E\000s\000t\000r\000a\000t\000e\000g\000i\000a\000s}{part.2}% 67
\BOOKMARK [1][-]{section*.63}{\376\377\000L\000e\000n\000g\000u\000a\000s\000\040\000d\000e\000l\000\040\000r\000e\000s\000t\000o\000\040\000d\000e\000\040\000a\000m\000\351\000r\000i\000c\000a}{section*.62}% 68
\BOOKMARK [1][-]{section*.64}{\376\377\000L\000e\000n\000g\000u\000a\000s\000\040\000d\000e\000l\000\040\000r\000e\000s\000t\000o\000\040\000d\000e\000l\000\040\000m\000u\000n\000d\000o}{section*.62}% 69
\BOOKMARK [-1][-]{part.3}{\376\377\000I\000I\000I\000\040\000C\000o\000n\000c\000l\000u\000s\000i\000o\000n\000e\000s}{}% 70
\BOOKMARK [0][-]{section*.65}{\376\377\000C\000o\000n\000c\000l\000u\000s\000i\000o\000n\000e\000s}{part.3}% 71
\BOOKMARK [1][-]{chapter*.66}{\376\377\000B\000i\000b\000l\000i\000o\000g\000r\000a\000f\000\355\000a}{section*.65}% 72
